<?xml version="1.0" encoding="UTF-8"?>
<testsuite xmlns:xsi="http://www.w3.org/2001/XMLSchema-instance" xsi:noNamespaceSchemaLocation="https://maven.apache.org/surefire/maven-surefire-plugin/xsd/surefire-test-report.xsd" name="com.athena.px.RxJavaTest" time="0.001" tests="1" errors="0" skipped="1" failures="0">
  <properties>
    <property name="sun.desktop" value="windows"/>
    <property name="awt.toolkit" value="sun.awt.windows.WToolkit"/>
    <property name="file.encoding.pkg" value="sun.io"/>
    <property name="java.specification.version" value="1.8"/>
    <property name="sun.cpu.isalist" value="amd64"/>
    <property name="sun.jnu.encoding" value="GBK"/>
    <property name="java.class.path" value="D:\work\ideaproject\spring-boot-demo\web\target\test-classes;D:\work\ideaproject\spring-boot-demo\web\target\classes;D:\iuuuu\maven\repository\junit\junit\4.11\junit-4.11.jar;D:\iuuuu\maven\repository\org\hamcrest\hamcrest-core\1.3\hamcrest-core-1.3.jar;D:\iuuuu\maven\repository\org\springframework\boot\spring-boot-starter-actuator\2.0.2.RELEASE\spring-boot-starter-actuator-2.0.2.RELEASE.jar;D:\iuuuu\maven\repository\org\springframework\boot\spring-boot-starter\2.0.2.RELEASE\spring-boot-starter-2.0.2.RELEASE.jar;D:\iuuuu\maven\repository\org\springframework\boot\spring-boot\2.0.2.RELEASE\spring-boot-2.0.2.RELEASE.jar;D:\iuuuu\maven\repository\org\springframework\boot\spring-boot-autoconfigure\2.0.2.RELEASE\spring-boot-autoconfigure-2.0.2.RELEASE.jar;D:\iuuuu\maven\repository\org\springframework\boot\spring-boot-starter-logging\2.0.2.RELEASE\spring-boot-starter-logging-2.0.2.RELEASE.jar;D:\iuuuu\maven\repository\ch\qos\logback\logback-classic\1.2.3\logback-classic-1.2.3.jar;D:\iuuuu\maven\repository\ch\qos\logback\logback-core\1.2.3\logback-core-1.2.3.jar;D:\iuuuu\maven\repository\org\apache\logging\log4j\log4j-to-slf4j\2.10.0\log4j-to-slf4j-2.10.0.jar;D:\iuuuu\maven\repository\org\apache\logging\log4j\log4j-api\2.10.0\log4j-api-2.10.0.jar;D:\iuuuu\maven\repository\org\slf4j\jul-to-slf4j\1.7.25\jul-to-slf4j-1.7.25.jar;D:\iuuuu\maven\repository\javax\annotation\javax.annotation-api\1.3.2\javax.annotation-api-1.3.2.jar;D:\iuuuu\maven\repository\org\yaml\snakeyaml\1.19\snakeyaml-1.19.jar;D:\iuuuu\maven\repository\org\springframework\boot\spring-boot-actuator-autoconfigure\2.0.2.RELEASE\spring-boot-actuator-autoconfigure-2.0.2.RELEASE.jar;D:\iuuuu\maven\repository\org\springframework\boot\spring-boot-actuator\2.0.2.RELEASE\spring-boot-actuator-2.0.2.RELEASE.jar;D:\iuuuu\maven\repository\com\fasterxml\jackson\datatype\jackson-datatype-jsr310\2.9.5\jackson-datatype-jsr310-2.9.5.jar;D:\iuuuu\maven\repository\io\micrometer\micrometer-core\1.0.4\micrometer-core-1.0.4.jar;D:\iuuuu\maven\repository\org\hdrhistogram\HdrHistogram\2.1.10\HdrHistogram-2.1.10.jar;D:\iuuuu\maven\repository\org\latencyutils\LatencyUtils\2.0.3\LatencyUtils-2.0.3.jar;D:\iuuuu\maven\repository\org\springframework\boot\spring-boot-starter-web\2.0.2.RELEASE\spring-boot-starter-web-2.0.2.RELEASE.jar;D:\iuuuu\maven\repository\org\springframework\boot\spring-boot-starter-json\2.0.2.RELEASE\spring-boot-starter-json-2.0.2.RELEASE.jar;D:\iuuuu\maven\repository\com\fasterxml\jackson\datatype\jackson-datatype-jdk8\2.9.5\jackson-datatype-jdk8-2.9.5.jar;D:\iuuuu\maven\repository\com\fasterxml\jackson\module\jackson-module-parameter-names\2.9.5\jackson-module-parameter-names-2.9.5.jar;D:\iuuuu\maven\repository\org\springframework\boot\spring-boot-starter-tomcat\2.0.2.RELEASE\spring-boot-starter-tomcat-2.0.2.RELEASE.jar;D:\iuuuu\maven\repository\org\apache\tomcat\embed\tomcat-embed-core\8.5.31\tomcat-embed-core-8.5.31.jar;D:\iuuuu\maven\repository\org\apache\tomcat\embed\tomcat-embed-el\8.5.31\tomcat-embed-el-8.5.31.jar;D:\iuuuu\maven\repository\org\apache\tomcat\embed\tomcat-embed-websocket\8.5.31\tomcat-embed-websocket-8.5.31.jar;D:\iuuuu\maven\repository\org\hibernate\validator\hibernate-validator\6.0.9.Final\hibernate-validator-6.0.9.Final.jar;D:\iuuuu\maven\repository\javax\validation\validation-api\2.0.1.Final\validation-api-2.0.1.Final.jar;D:\iuuuu\maven\repository\org\jboss\logging\jboss-logging\3.3.2.Final\jboss-logging-3.3.2.Final.jar;D:\iuuuu\maven\repository\com\fasterxml\classmate\1.3.4\classmate-1.3.4.jar;D:\iuuuu\maven\repository\org\springframework\spring-web\5.0.6.RELEASE\spring-web-5.0.6.RELEASE.jar;D:\iuuuu\maven\repository\org\springframework\spring-beans\5.0.6.RELEASE\spring-beans-5.0.6.RELEASE.jar;D:\iuuuu\maven\repository\org\springframework\spring-webmvc\5.0.6.RELEASE\spring-webmvc-5.0.6.RELEASE.jar;D:\iuuuu\maven\repository\org\springframework\spring-expression\5.0.6.RELEASE\spring-expression-5.0.6.RELEASE.jar;D:\iuuuu\maven\repository\org\springframework\boot\spring-boot-starter-test\2.0.2.RELEASE\spring-boot-starter-test-2.0.2.RELEASE.jar;D:\iuuuu\maven\repository\org\springframework\boot\spring-boot-test\2.0.2.RELEASE\spring-boot-test-2.0.2.RELEASE.jar;D:\iuuuu\maven\repository\org\springframework\boot\spring-boot-test-autoconfigure\2.0.2.RELEASE\spring-boot-test-autoconfigure-2.0.2.RELEASE.jar;D:\iuuuu\maven\repository\com\jayway\jsonpath\json-path\2.4.0\json-path-2.4.0.jar;D:\iuuuu\maven\repository\net\minidev\json-smart\2.3\json-smart-2.3.jar;D:\iuuuu\maven\repository\net\minidev\accessors-smart\1.2\accessors-smart-1.2.jar;D:\iuuuu\maven\repository\org\ow2\asm\asm\5.0.4\asm-5.0.4.jar;D:\iuuuu\maven\repository\org\assertj\assertj-core\3.9.1\assertj-core-3.9.1.jar;D:\iuuuu\maven\repository\org\mockito\mockito-core\2.15.0\mockito-core-2.15.0.jar;D:\iuuuu\maven\repository\net\bytebuddy\byte-buddy\1.7.11\byte-buddy-1.7.11.jar;D:\iuuuu\maven\repository\net\bytebuddy\byte-buddy-agent\1.7.11\byte-buddy-agent-1.7.11.jar;D:\iuuuu\maven\repository\org\objenesis\objenesis\2.6\objenesis-2.6.jar;D:\iuuuu\maven\repository\org\hamcrest\hamcrest-library\1.3\hamcrest-library-1.3.jar;D:\iuuuu\maven\repository\org\skyscreamer\jsonassert\1.5.0\jsonassert-1.5.0.jar;D:\iuuuu\maven\repository\com\vaadin\external\google\android-json\0.0.20131108.vaadin1\android-json-0.0.20131108.vaadin1.jar;D:\iuuuu\maven\repository\org\springframework\spring-core\5.0.6.RELEASE\spring-core-5.0.6.RELEASE.jar;D:\iuuuu\maven\repository\org\springframework\spring-jcl\5.0.6.RELEASE\spring-jcl-5.0.6.RELEASE.jar;D:\iuuuu\maven\repository\org\springframework\spring-test\5.0.6.RELEASE\spring-test-5.0.6.RELEASE.jar;D:\iuuuu\maven\repository\org\xmlunit\xmlunit-core\2.5.1\xmlunit-core-2.5.1.jar;D:\iuuuu\maven\repository\org\springframework\boot\spring-boot-starter-thymeleaf\2.0.2.RELEASE\spring-boot-starter-thymeleaf-2.0.2.RELEASE.jar;D:\iuuuu\maven\repository\org\thymeleaf\thymeleaf-spring5\3.0.9.RELEASE\thymeleaf-spring5-3.0.9.RELEASE.jar;D:\iuuuu\maven\repository\org\thymeleaf\thymeleaf\3.0.9.RELEASE\thymeleaf-3.0.9.RELEASE.jar;D:\iuuuu\maven\repository\org\attoparser\attoparser\2.0.4.RELEASE\attoparser-2.0.4.RELEASE.jar;D:\iuuuu\maven\repository\org\unbescape\unbescape\1.1.5.RELEASE\unbescape-1.1.5.RELEASE.jar;D:\iuuuu\maven\repository\org\thymeleaf\extras\thymeleaf-extras-java8time\3.0.1.RELEASE\thymeleaf-extras-java8time-3.0.1.RELEASE.jar;D:\iuuuu\maven\repository\org\springframework\boot\spring-boot-starter-security\2.0.2.RELEASE\spring-boot-starter-security-2.0.2.RELEASE.jar;D:\iuuuu\maven\repository\org\springframework\spring-aop\5.0.6.RELEASE\spring-aop-5.0.6.RELEASE.jar;D:\iuuuu\maven\repository\org\springframework\security\spring-security-config\5.0.5.RELEASE\spring-security-config-5.0.5.RELEASE.jar;D:\iuuuu\maven\repository\org\springframework\security\spring-security-core\5.0.5.RELEASE\spring-security-core-5.0.5.RELEASE.jar;D:\iuuuu\maven\repository\org\springframework\security\spring-security-web\5.0.5.RELEASE\spring-security-web-5.0.5.RELEASE.jar;D:\iuuuu\maven\repository\com\alibaba\dubbo\2.6.1\dubbo-2.6.1.jar;D:\iuuuu\maven\repository\org\springframework\spring-context\5.0.6.RELEASE\spring-context-5.0.6.RELEASE.jar;D:\iuuuu\maven\repository\org\javassist\javassist\3.20.0-GA\javassist-3.20.0-GA.jar;D:\iuuuu\maven\repository\org\jboss\netty\netty\3.2.5.Final\netty-3.2.5.Final.jar;D:\iuuuu\maven\repository\log4j\log4j\1.2.17\log4j-1.2.17.jar;D:\iuuuu\maven\repository\org\apache\commons\commons-lang3\3.4\commons-lang3-3.4.jar;D:\iuuuu\maven\repository\org\springframework\boot\spring-boot-configuration-processor\2.0.2.RELEASE\spring-boot-configuration-processor-2.0.2.RELEASE.jar;D:\iuuuu\maven\repository\org\springframework\kafka\spring-kafka\2.1.4.RELEASE\spring-kafka-2.1.4.RELEASE.jar;D:\iuuuu\maven\repository\org\springframework\spring-messaging\5.0.6.RELEASE\spring-messaging-5.0.6.RELEASE.jar;D:\iuuuu\maven\repository\org\springframework\spring-tx\5.0.6.RELEASE\spring-tx-5.0.6.RELEASE.jar;D:\iuuuu\maven\repository\org\springframework\retry\spring-retry\1.2.2.RELEASE\spring-retry-1.2.2.RELEASE.jar;D:\iuuuu\maven\repository\org\apache\kafka\kafka-clients\1.0.1\kafka-clients-1.0.1.jar;D:\iuuuu\maven\repository\org\lz4\lz4-java\1.4\lz4-java-1.4.jar;D:\iuuuu\maven\repository\org\xerial\snappy\snappy-java\1.1.4\snappy-java-1.1.4.jar;D:\iuuuu\maven\repository\com\iu\sl\user-api\1.0-SNAPSHOT\user-api-1.0-SNAPSHOT.jar;D:\iuuuu\maven\repository\com\athena\px\chat-server\0.0.1-SNAPSHOT\chat-server-0.0.1-SNAPSHOT.jar;D:\iuuuu\maven\repository\org\slf4j\slf4j-api\1.7.25\slf4j-api-1.7.25.jar;D:\iuuuu\maven\repository\io\netty\netty-all\4.1.25.Final\netty-all-4.1.25.Final.jar;D:\iuuuu\maven\repository\org\msgpack\msgpack\0.6.12\msgpack-0.6.12.jar;D:\iuuuu\maven\repository\com\googlecode\json-simple\json-simple\1.1.1\json-simple-1.1.1.jar;D:\iuuuu\maven\repository\org\apache\curator\curator-framework\4.0.1\curator-framework-4.0.1.jar;D:\iuuuu\maven\repository\org\apache\curator\curator-recipes\4.0.1\curator-recipes-4.0.1.jar;D:\iuuuu\maven\repository\org\apache\curator\curator-client\4.0.1\curator-client-4.0.1.jar;D:\iuuuu\maven\repository\com\google\guava\guava\20.0\guava-20.0.jar;D:\iuuuu\maven\repository\org\apache\zookeeper\zookeeper\3.4.9\zookeeper-3.4.9.jar;D:\iuuuu\maven\repository\org\slf4j\slf4j-log4j12\1.7.25\slf4j-log4j12-1.7.25.jar;D:\iuuuu\maven\repository\jline\jline\0.9.94\jline-0.9.94.jar;D:\iuuuu\maven\repository\io\netty\netty\3.10.5.Final\netty-3.10.5.Final.jar;D:\iuuuu\maven\repository\io\reactivex\rxjava2\rxjava\2.1.14\rxjava-2.1.14.jar;D:\iuuuu\maven\repository\org\reactivestreams\reactive-streams\1.0.2\reactive-streams-1.0.2.jar;D:\iuuuu\maven\repository\com\alibaba\dubbo-serialization-fastjson\2.6.1\dubbo-serialization-fastjson-2.6.1.jar;D:\iuuuu\maven\repository\com\alibaba\dubbo-serialization-api\2.6.1\dubbo-serialization-api-2.6.1.jar;D:\iuuuu\maven\repository\com\alibaba\dubbo-common\2.6.1\dubbo-common-2.6.1.jar;D:\iuuuu\maven\repository\commons-logging\commons-logging\1.2\commons-logging-1.2.jar;D:\iuuuu\maven\repository\com\alibaba\hessian-lite\3.2.2\hessian-lite-3.2.2.jar;D:\iuuuu\maven\repository\com\esotericsoftware\kryo\4.0.1\kryo-4.0.1.jar;D:\iuuuu\maven\repository\com\esotericsoftware\reflectasm\1.11.3\reflectasm-1.11.3.jar;D:\iuuuu\maven\repository\com\esotericsoftware\minlog\1.3.0\minlog-1.3.0.jar;D:\iuuuu\maven\repository\de\javakaffee\kryo-serializers\0.42\kryo-serializers-0.42.jar;D:\iuuuu\maven\repository\de\ruedigermoeller\fst\2.48-jdk-6\fst-2.48-jdk-6.jar;D:\iuuuu\maven\repository\com\cedarsoftware\java-util\1.9.0\java-util-1.9.0.jar;D:\iuuuu\maven\repository\com\cedarsoftware\json-io\2.5.1\json-io-2.5.1.jar;D:\iuuuu\maven\repository\com\alibaba\fastjson\1.2.46\fastjson-1.2.46.jar;D:\iuuuu\maven\repository\io\jsonwebtoken\jjwt\0.9.0\jjwt-0.9.0.jar;D:\iuuuu\maven\repository\com\fasterxml\jackson\core\jackson-databind\2.9.5\jackson-databind-2.9.5.jar;D:\iuuuu\maven\repository\com\fasterxml\jackson\core\jackson-annotations\2.9.0\jackson-annotations-2.9.0.jar;D:\iuuuu\maven\repository\com\fasterxml\jackson\core\jackson-core\2.9.5\jackson-core-2.9.5.jar;D:\iuuuu\maven\repository\joda-time\joda-time\2.9.9\joda-time-2.9.9.jar;"/>
    <property name="java.vm.vendor" value="Oracle Corporation"/>
    <property name="sun.arch.data.model" value="64"/>
    <property name="user.variant" value=""/>
    <property name="java.vendor.url" value="http://java.oracle.com/"/>
    <property name="user.timezone" value=""/>
    <property name="java.vm.specification.version" value="1.8"/>
    <property name="os.name" value="Windows 10"/>
    <property name="user.country" value="CN"/>
    <property name="sun.java.launcher" value="SUN_STANDARD"/>
    <property name="sun.boot.library.path" value="D:\iuuuu\Java\jdk1.8-171\jre\bin"/>
    <property name="sun.java.command" value="C:\Users\IUUU\AppData\Local\Temp\surefire5953145809583917634\surefirebooter1372923780539550547.jar C:\Users\IUUU\AppData\Local\Temp\surefire5953145809583917634 2018-06-12T19-14-21_939-jvmRun1 surefire5319027384045534418tmp surefire_01946776327628996835tmp"/>
    <property name="surefire.test.class.path" value="D:\work\ideaproject\spring-boot-demo\web\target\test-classes;D:\work\ideaproject\spring-boot-demo\web\target\classes;D:\iuuuu\maven\repository\junit\junit\4.11\junit-4.11.jar;D:\iuuuu\maven\repository\org\hamcrest\hamcrest-core\1.3\hamcrest-core-1.3.jar;D:\iuuuu\maven\repository\org\springframework\boot\spring-boot-starter-actuator\2.0.2.RELEASE\spring-boot-starter-actuator-2.0.2.RELEASE.jar;D:\iuuuu\maven\repository\org\springframework\boot\spring-boot-starter\2.0.2.RELEASE\spring-boot-starter-2.0.2.RELEASE.jar;D:\iuuuu\maven\repository\org\springframework\boot\spring-boot\2.0.2.RELEASE\spring-boot-2.0.2.RELEASE.jar;D:\iuuuu\maven\repository\org\springframework\boot\spring-boot-autoconfigure\2.0.2.RELEASE\spring-boot-autoconfigure-2.0.2.RELEASE.jar;D:\iuuuu\maven\repository\org\springframework\boot\spring-boot-starter-logging\2.0.2.RELEASE\spring-boot-starter-logging-2.0.2.RELEASE.jar;D:\iuuuu\maven\repository\ch\qos\logback\logback-classic\1.2.3\logback-classic-1.2.3.jar;D:\iuuuu\maven\repository\ch\qos\logback\logback-core\1.2.3\logback-core-1.2.3.jar;D:\iuuuu\maven\repository\org\apache\logging\log4j\log4j-to-slf4j\2.10.0\log4j-to-slf4j-2.10.0.jar;D:\iuuuu\maven\repository\org\apache\logging\log4j\log4j-api\2.10.0\log4j-api-2.10.0.jar;D:\iuuuu\maven\repository\org\slf4j\jul-to-slf4j\1.7.25\jul-to-slf4j-1.7.25.jar;D:\iuuuu\maven\repository\javax\annotation\javax.annotation-api\1.3.2\javax.annotation-api-1.3.2.jar;D:\iuuuu\maven\repository\org\yaml\snakeyaml\1.19\snakeyaml-1.19.jar;D:\iuuuu\maven\repository\org\springframework\boot\spring-boot-actuator-autoconfigure\2.0.2.RELEASE\spring-boot-actuator-autoconfigure-2.0.2.RELEASE.jar;D:\iuuuu\maven\repository\org\springframework\boot\spring-boot-actuator\2.0.2.RELEASE\spring-boot-actuator-2.0.2.RELEASE.jar;D:\iuuuu\maven\repository\com\fasterxml\jackson\datatype\jackson-datatype-jsr310\2.9.5\jackson-datatype-jsr310-2.9.5.jar;D:\iuuuu\maven\repository\io\micrometer\micrometer-core\1.0.4\micrometer-core-1.0.4.jar;D:\iuuuu\maven\repository\org\hdrhistogram\HdrHistogram\2.1.10\HdrHistogram-2.1.10.jar;D:\iuuuu\maven\repository\org\latencyutils\LatencyUtils\2.0.3\LatencyUtils-2.0.3.jar;D:\iuuuu\maven\repository\org\springframework\boot\spring-boot-starter-web\2.0.2.RELEASE\spring-boot-starter-web-2.0.2.RELEASE.jar;D:\iuuuu\maven\repository\org\springframework\boot\spring-boot-starter-json\2.0.2.RELEASE\spring-boot-starter-json-2.0.2.RELEASE.jar;D:\iuuuu\maven\repository\com\fasterxml\jackson\datatype\jackson-datatype-jdk8\2.9.5\jackson-datatype-jdk8-2.9.5.jar;D:\iuuuu\maven\repository\com\fasterxml\jackson\module\jackson-module-parameter-names\2.9.5\jackson-module-parameter-names-2.9.5.jar;D:\iuuuu\maven\repository\org\springframework\boot\spring-boot-starter-tomcat\2.0.2.RELEASE\spring-boot-starter-tomcat-2.0.2.RELEASE.jar;D:\iuuuu\maven\repository\org\apache\tomcat\embed\tomcat-embed-core\8.5.31\tomcat-embed-core-8.5.31.jar;D:\iuuuu\maven\repository\org\apache\tomcat\embed\tomcat-embed-el\8.5.31\tomcat-embed-el-8.5.31.jar;D:\iuuuu\maven\repository\org\apache\tomcat\embed\tomcat-embed-websocket\8.5.31\tomcat-embed-websocket-8.5.31.jar;D:\iuuuu\maven\repository\org\hibernate\validator\hibernate-validator\6.0.9.Final\hibernate-validator-6.0.9.Final.jar;D:\iuuuu\maven\repository\javax\validation\validation-api\2.0.1.Final\validation-api-2.0.1.Final.jar;D:\iuuuu\maven\repository\org\jboss\logging\jboss-logging\3.3.2.Final\jboss-logging-3.3.2.Final.jar;D:\iuuuu\maven\repository\com\fasterxml\classmate\1.3.4\classmate-1.3.4.jar;D:\iuuuu\maven\repository\org\springframework\spring-web\5.0.6.RELEASE\spring-web-5.0.6.RELEASE.jar;D:\iuuuu\maven\repository\org\springframework\spring-beans\5.0.6.RELEASE\spring-beans-5.0.6.RELEASE.jar;D:\iuuuu\maven\repository\org\springframework\spring-webmvc\5.0.6.RELEASE\spring-webmvc-5.0.6.RELEASE.jar;D:\iuuuu\maven\repository\org\springframework\spring-expression\5.0.6.RELEASE\spring-expression-5.0.6.RELEASE.jar;D:\iuuuu\maven\repository\org\springframework\boot\spring-boot-starter-test\2.0.2.RELEASE\spring-boot-starter-test-2.0.2.RELEASE.jar;D:\iuuuu\maven\repository\org\springframework\boot\spring-boot-test\2.0.2.RELEASE\spring-boot-test-2.0.2.RELEASE.jar;D:\iuuuu\maven\repository\org\springframework\boot\spring-boot-test-autoconfigure\2.0.2.RELEASE\spring-boot-test-autoconfigure-2.0.2.RELEASE.jar;D:\iuuuu\maven\repository\com\jayway\jsonpath\json-path\2.4.0\json-path-2.4.0.jar;D:\iuuuu\maven\repository\net\minidev\json-smart\2.3\json-smart-2.3.jar;D:\iuuuu\maven\repository\net\minidev\accessors-smart\1.2\accessors-smart-1.2.jar;D:\iuuuu\maven\repository\org\ow2\asm\asm\5.0.4\asm-5.0.4.jar;D:\iuuuu\maven\repository\org\assertj\assertj-core\3.9.1\assertj-core-3.9.1.jar;D:\iuuuu\maven\repository\org\mockito\mockito-core\2.15.0\mockito-core-2.15.0.jar;D:\iuuuu\maven\repository\net\bytebuddy\byte-buddy\1.7.11\byte-buddy-1.7.11.jar;D:\iuuuu\maven\repository\net\bytebuddy\byte-buddy-agent\1.7.11\byte-buddy-agent-1.7.11.jar;D:\iuuuu\maven\repository\org\objenesis\objenesis\2.6\objenesis-2.6.jar;D:\iuuuu\maven\repository\org\hamcrest\hamcrest-library\1.3\hamcrest-library-1.3.jar;D:\iuuuu\maven\repository\org\skyscreamer\jsonassert\1.5.0\jsonassert-1.5.0.jar;D:\iuuuu\maven\repository\com\vaadin\external\google\android-json\0.0.20131108.vaadin1\android-json-0.0.20131108.vaadin1.jar;D:\iuuuu\maven\repository\org\springframework\spring-core\5.0.6.RELEASE\spring-core-5.0.6.RELEASE.jar;D:\iuuuu\maven\repository\org\springframework\spring-jcl\5.0.6.RELEASE\spring-jcl-5.0.6.RELEASE.jar;D:\iuuuu\maven\repository\org\springframework\spring-test\5.0.6.RELEASE\spring-test-5.0.6.RELEASE.jar;D:\iuuuu\maven\repository\org\xmlunit\xmlunit-core\2.5.1\xmlunit-core-2.5.1.jar;D:\iuuuu\maven\repository\org\springframework\boot\spring-boot-starter-thymeleaf\2.0.2.RELEASE\spring-boot-starter-thymeleaf-2.0.2.RELEASE.jar;D:\iuuuu\maven\repository\org\thymeleaf\thymeleaf-spring5\3.0.9.RELEASE\thymeleaf-spring5-3.0.9.RELEASE.jar;D:\iuuuu\maven\repository\org\thymeleaf\thymeleaf\3.0.9.RELEASE\thymeleaf-3.0.9.RELEASE.jar;D:\iuuuu\maven\repository\org\attoparser\attoparser\2.0.4.RELEASE\attoparser-2.0.4.RELEASE.jar;D:\iuuuu\maven\repository\org\unbescape\unbescape\1.1.5.RELEASE\unbescape-1.1.5.RELEASE.jar;D:\iuuuu\maven\repository\org\thymeleaf\extras\thymeleaf-extras-java8time\3.0.1.RELEASE\thymeleaf-extras-java8time-3.0.1.RELEASE.jar;D:\iuuuu\maven\repository\org\springframework\boot\spring-boot-starter-security\2.0.2.RELEASE\spring-boot-starter-security-2.0.2.RELEASE.jar;D:\iuuuu\maven\repository\org\springframework\spring-aop\5.0.6.RELEASE\spring-aop-5.0.6.RELEASE.jar;D:\iuuuu\maven\repository\org\springframework\security\spring-security-config\5.0.5.RELEASE\spring-security-config-5.0.5.RELEASE.jar;D:\iuuuu\maven\repository\org\springframework\security\spring-security-core\5.0.5.RELEASE\spring-security-core-5.0.5.RELEASE.jar;D:\iuuuu\maven\repository\org\springframework\security\spring-security-web\5.0.5.RELEASE\spring-security-web-5.0.5.RELEASE.jar;D:\iuuuu\maven\repository\com\alibaba\dubbo\2.6.1\dubbo-2.6.1.jar;D:\iuuuu\maven\repository\org\springframework\spring-context\5.0.6.RELEASE\spring-context-5.0.6.RELEASE.jar;D:\iuuuu\maven\repository\org\javassist\javassist\3.20.0-GA\javassist-3.20.0-GA.jar;D:\iuuuu\maven\repository\org\jboss\netty\netty\3.2.5.Final\netty-3.2.5.Final.jar;D:\iuuuu\maven\repository\log4j\log4j\1.2.17\log4j-1.2.17.jar;D:\iuuuu\maven\repository\org\apache\commons\commons-lang3\3.4\commons-lang3-3.4.jar;D:\iuuuu\maven\repository\org\springframework\boot\spring-boot-configuration-processor\2.0.2.RELEASE\spring-boot-configuration-processor-2.0.2.RELEASE.jar;D:\iuuuu\maven\repository\org\springframework\kafka\spring-kafka\2.1.4.RELEASE\spring-kafka-2.1.4.RELEASE.jar;D:\iuuuu\maven\repository\org\springframework\spring-messaging\5.0.6.RELEASE\spring-messaging-5.0.6.RELEASE.jar;D:\iuuuu\maven\repository\org\springframework\spring-tx\5.0.6.RELEASE\spring-tx-5.0.6.RELEASE.jar;D:\iuuuu\maven\repository\org\springframework\retry\spring-retry\1.2.2.RELEASE\spring-retry-1.2.2.RELEASE.jar;D:\iuuuu\maven\repository\org\apache\kafka\kafka-clients\1.0.1\kafka-clients-1.0.1.jar;D:\iuuuu\maven\repository\org\lz4\lz4-java\1.4\lz4-java-1.4.jar;D:\iuuuu\maven\repository\org\xerial\snappy\snappy-java\1.1.4\snappy-java-1.1.4.jar;D:\iuuuu\maven\repository\com\iu\sl\user-api\1.0-SNAPSHOT\user-api-1.0-SNAPSHOT.jar;D:\iuuuu\maven\repository\com\athena\px\chat-server\0.0.1-SNAPSHOT\chat-server-0.0.1-SNAPSHOT.jar;D:\iuuuu\maven\repository\org\slf4j\slf4j-api\1.7.25\slf4j-api-1.7.25.jar;D:\iuuuu\maven\repository\io\netty\netty-all\4.1.25.Final\netty-all-4.1.25.Final.jar;D:\iuuuu\maven\repository\org\msgpack\msgpack\0.6.12\msgpack-0.6.12.jar;D:\iuuuu\maven\repository\com\googlecode\json-simple\json-simple\1.1.1\json-simple-1.1.1.jar;D:\iuuuu\maven\repository\org\apache\curator\curator-framework\4.0.1\curator-framework-4.0.1.jar;D:\iuuuu\maven\repository\org\apache\curator\curator-recipes\4.0.1\curator-recipes-4.0.1.jar;D:\iuuuu\maven\repository\org\apache\curator\curator-client\4.0.1\curator-client-4.0.1.jar;D:\iuuuu\maven\repository\com\google\guava\guava\20.0\guava-20.0.jar;D:\iuuuu\maven\repository\org\apache\zookeeper\zookeeper\3.4.9\zookeeper-3.4.9.jar;D:\iuuuu\maven\repository\org\slf4j\slf4j-log4j12\1.7.25\slf4j-log4j12-1.7.25.jar;D:\iuuuu\maven\repository\jline\jline\0.9.94\jline-0.9.94.jar;D:\iuuuu\maven\repository\io\netty\netty\3.10.5.Final\netty-3.10.5.Final.jar;D:\iuuuu\maven\repository\io\reactivex\rxjava2\rxjava\2.1.14\rxjava-2.1.14.jar;D:\iuuuu\maven\repository\org\reactivestreams\reactive-streams\1.0.2\reactive-streams-1.0.2.jar;D:\iuuuu\maven\repository\com\alibaba\dubbo-serialization-fastjson\2.6.1\dubbo-serialization-fastjson-2.6.1.jar;D:\iuuuu\maven\repository\com\alibaba\dubbo-serialization-api\2.6.1\dubbo-serialization-api-2.6.1.jar;D:\iuuuu\maven\repository\com\alibaba\dubbo-common\2.6.1\dubbo-common-2.6.1.jar;D:\iuuuu\maven\repository\commons-logging\commons-logging\1.2\commons-logging-1.2.jar;D:\iuuuu\maven\repository\com\alibaba\hessian-lite\3.2.2\hessian-lite-3.2.2.jar;D:\iuuuu\maven\repository\com\esotericsoftware\kryo\4.0.1\kryo-4.0.1.jar;D:\iuuuu\maven\repository\com\esotericsoftware\reflectasm\1.11.3\reflectasm-1.11.3.jar;D:\iuuuu\maven\repository\com\esotericsoftware\minlog\1.3.0\minlog-1.3.0.jar;D:\iuuuu\maven\repository\de\javakaffee\kryo-serializers\0.42\kryo-serializers-0.42.jar;D:\iuuuu\maven\repository\de\ruedigermoeller\fst\2.48-jdk-6\fst-2.48-jdk-6.jar;D:\iuuuu\maven\repository\com\cedarsoftware\java-util\1.9.0\java-util-1.9.0.jar;D:\iuuuu\maven\repository\com\cedarsoftware\json-io\2.5.1\json-io-2.5.1.jar;D:\iuuuu\maven\repository\com\alibaba\fastjson\1.2.46\fastjson-1.2.46.jar;D:\iuuuu\maven\repository\io\jsonwebtoken\jjwt\0.9.0\jjwt-0.9.0.jar;D:\iuuuu\maven\repository\com\fasterxml\jackson\core\jackson-databind\2.9.5\jackson-databind-2.9.5.jar;D:\iuuuu\maven\repository\com\fasterxml\jackson\core\jackson-annotations\2.9.0\jackson-annotations-2.9.0.jar;D:\iuuuu\maven\repository\com\fasterxml\jackson\core\jackson-core\2.9.5\jackson-core-2.9.5.jar;D:\iuuuu\maven\repository\joda-time\joda-time\2.9.9\joda-time-2.9.9.jar;"/>
    <property name="sun.cpu.endian" value="little"/>
    <property name="user.home" value="C:\Users\IUUU"/>
    <property name="user.language" value="zh"/>
    <property name="java.specification.vendor" value="Oracle Corporation"/>
    <property name="java.home" value="D:\iuuuu\Java\jdk1.8-171\jre"/>
    <property name="basedir" value="D:\work\ideaproject\spring-boot-demo\web"/>
    <property name="file.separator" value="\"/>
    <property name="line.separator" value="&#10;"/>
    <property name="java.vm.specification.vendor" value="Oracle Corporation"/>
    <property name="java.specification.name" value="Java Platform API Specification"/>
    <property name="java.awt.graphicsenv" value="sun.awt.Win32GraphicsEnvironment"/>
    <property name="surefire.real.class.path" value="C:\Users\IUUU\AppData\Local\Temp\surefire5953145809583917634\surefirebooter1372923780539550547.jar"/>
    <property name="sun.boot.class.path" value="D:\iuuuu\Java\jdk1.8-171\jre\lib\resources.jar;D:\iuuuu\Java\jdk1.8-171\jre\lib\rt.jar;D:\iuuuu\Java\jdk1.8-171\jre\lib\sunrsasign.jar;D:\iuuuu\Java\jdk1.8-171\jre\lib\jsse.jar;D:\iuuuu\Java\jdk1.8-171\jre\lib\jce.jar;D:\iuuuu\Java\jdk1.8-171\jre\lib\charsets.jar;D:\iuuuu\Java\jdk1.8-171\jre\lib\jfr.jar;D:\iuuuu\Java\jdk1.8-171\jre\classes"/>
    <property name="user.script" value=""/>
    <property name="sun.management.compiler" value="HotSpot 64-Bit Tiered Compilers"/>
    <property name="java.runtime.version" value="1.8.0_171-b11"/>
    <property name="user.name" value="IUUU"/>
    <property name="path.separator" value=";"/>
    <property name="os.version" value="10.0"/>
    <property name="java.endorsed.dirs" value="D:\iuuuu\Java\jdk1.8-171\jre\lib\endorsed"/>
    <property name="java.runtime.name" value="Java(TM) SE Runtime Environment"/>
    <property name="file.encoding" value="GBK"/>
    <property name="java.vm.name" value="Java HotSpot(TM) 64-Bit Server VM"/>
    <property name="localRepository" value="D:\iuuuu\maven\repository"/>
    <property name="java.vendor.url.bug" value="http://bugreport.sun.com/bugreport/"/>
    <property name="java.io.tmpdir" value="C:\Users\IUUU\AppData\Local\Temp\"/>
    <property name="idea.version" value="2018.1.1"/>
    <property name="java.version" value="1.8.0_171"/>
    <property name="user.dir" value="D:\work\ideaproject\spring-boot-demo\web"/>
    <property name="os.arch" value="amd64"/>
    <property name="java.vm.specification.name" value="Java Virtual Machine Specification"/>
    <property name="java.awt.printerjob" value="sun.awt.windows.WPrinterJob"/>
    <property name="sun.os.patch.level" value=""/>
    <property name="java.library.path" value="D:\iuuuu\Java\jdk1.8-171\jre\bin;C:\WINDOWS\Sun\Java\bin;C:\WINDOWS\system32;C:\WINDOWS;C:\Program Files (x86)\Common Files\Oracle\Java\javapath;D:\iuuuu\oracledatabase\product\11.2.0\dbhome_1\bin;D:\iuuuu\or\product\11.2.0\client_1\bin;D:\iuuuu\oracle;C:\Program Files (x86)\Intel\iCLS Client\;C:\Program Files\Intel\iCLS Client\;C:\WINDOWS\system32;C:\WINDOWS;C:\WINDOWS\System32\Wbem;C:\WINDOWS\System32\WindowsPowerShell\v1.0\;C:\Program Files (x86)\Intel\Intel(R) Management Engine Components\DAL;C:\Program Files\Intel\Intel(R) Management Engine Components\DAL;C:\Program Files (x86)\Intel\Intel(R) Management Engine Components\IPT;C:\Program Files\Intel\Intel(R) Management Engine Components\IPT;C:\Program Files (x86)\ATI Technologies\ATI.ACE\Core-Static;D:\iuuuu\Java\jdk1.8-171\bin;D:\iuuuu\maven\apache-maven-3.5.3-bin\apache-maven-3.5.3\bin;D:\ultra\ultraedit安装;C;\Program Files\Intel\WiFi\bin\;C:\Program Files\Common Files\Intel\WirelessCommon\;D:\iuuuu\gradle\gradle-4.6-bin\gradle-4.6\bin;D:\iuuuu\git\Git\cmd;D:\iuuuu\tortoiessvn\bin;C:\Users\IUUU\AppData\Local\Microsoft\WindowsApps;C:\Program Files\Intel\WiFi\bin\;C:\Program Files\Common Files\Intel\WirelessCommon\;D:\GW\MinGW\bin;&quot;D:\iuuuu\Java\jdk1.8-171\bin;D:\iuuuu\Java\jdk1.8-171\jre\bin&quot;;;."/>
    <property name="java.vm.info" value="mixed mode"/>
    <property name="java.vendor" value="Oracle Corporation"/>
    <property name="java.vm.version" value="25.171-b11"/>
    <property name="java.ext.dirs" value="D:\iuuuu\Java\jdk1.8-171\jre\lib\ext;C:\WINDOWS\Sun\Java\lib\ext"/>
    <property name="sun.io.unicode.encoding" value="UnicodeLittle"/>
    <property name="maven.repo.local" value="D:\iuuuu\maven\repository"/>
    <property name="java.class.version" value="52.0"/>
  </properties>
  <testcase name="rxTest" classname="com.athena.px.RxJavaTest" time="0">
    <skipped/>
  </testcase>
</testsuite>