<?xml version="1.0" encoding="UTF-8"?>
<testsuite xmlns:xsi="http://www.w3.org/2001/XMLSchema-instance" xsi:noNamespaceSchemaLocation="https://maven.apache.org/surefire/maven-surefire-plugin/xsd/surefire-test-report.xsd" name="com.athena.px.AppTest" time="0.092" tests="1" errors="0" skipped="0" failures="0">
  <properties>
    <property name="sun.desktop" value="windows"/>
    <property name="awt.toolkit" value="sun.awt.windows.WToolkit"/>
    <property name="file.encoding.pkg" value="sun.io"/>
    <property name="java.specification.version" value="1.8"/>
    <property name="sun.cpu.isalist" value="amd64"/>
    <property name="sun.jnu.encoding" value="GBK"/>
    <property name="java.class.path" value="D:\work\ideaproject\springboot-web\repository\target\test-classes;D:\work\ideaproject\springboot-web\repository\target\classes;D:\iuuuu\maven\repository\junit\junit\4.11\junit-4.11.jar;D:\iuuuu\maven\repository\org\hamcrest\hamcrest-core\1.3\hamcrest-core-1.3.jar;D:\work\ideaproject\springboot-web\model\target\model-0.0.1-SNAPSHOT.jar;D:\iuuuu\maven\repository\org\springframework\boot\spring-boot-starter\2.0.1.RELEASE\spring-boot-starter-2.0.1.RELEASE.jar;D:\iuuuu\maven\repository\org\springframework\boot\spring-boot\2.0.1.RELEASE\spring-boot-2.0.1.RELEASE.jar;D:\iuuuu\maven\repository\org\springframework\spring-context\5.0.5.RELEASE\spring-context-5.0.5.RELEASE.jar;D:\iuuuu\maven\repository\org\springframework\spring-aop\5.0.5.RELEASE\spring-aop-5.0.5.RELEASE.jar;D:\iuuuu\maven\repository\org\springframework\spring-expression\5.0.5.RELEASE\spring-expression-5.0.5.RELEASE.jar;D:\iuuuu\maven\repository\org\springframework\boot\spring-boot-autoconfigure\2.0.1.RELEASE\spring-boot-autoconfigure-2.0.1.RELEASE.jar;D:\iuuuu\maven\repository\org\springframework\boot\spring-boot-starter-logging\2.0.1.RELEASE\spring-boot-starter-logging-2.0.1.RELEASE.jar;D:\iuuuu\maven\repository\ch\qos\logback\logback-classic\1.2.3\logback-classic-1.2.3.jar;D:\iuuuu\maven\repository\ch\qos\logback\logback-core\1.2.3\logback-core-1.2.3.jar;D:\iuuuu\maven\repository\org\apache\logging\log4j\log4j-to-slf4j\2.10.0\log4j-to-slf4j-2.10.0.jar;D:\iuuuu\maven\repository\org\apache\logging\log4j\log4j-api\2.10.0\log4j-api-2.10.0.jar;D:\iuuuu\maven\repository\org\slf4j\jul-to-slf4j\1.7.25\jul-to-slf4j-1.7.25.jar;D:\iuuuu\maven\repository\javax\annotation\javax.annotation-api\1.3.2\javax.annotation-api-1.3.2.jar;D:\iuuuu\maven\repository\org\springframework\spring-core\5.0.5.RELEASE\spring-core-5.0.5.RELEASE.jar;D:\iuuuu\maven\repository\org\springframework\spring-jcl\5.0.5.RELEASE\spring-jcl-5.0.5.RELEASE.jar;D:\iuuuu\maven\repository\org\yaml\snakeyaml\1.19\snakeyaml-1.19.jar;D:\iuuuu\maven\repository\org\springframework\boot\spring-boot-starter-webflux\2.0.1.RELEASE\spring-boot-starter-webflux-2.0.1.RELEASE.jar;D:\iuuuu\maven\repository\org\springframework\boot\spring-boot-starter-json\2.0.1.RELEASE\spring-boot-starter-json-2.0.1.RELEASE.jar;D:\iuuuu\maven\repository\com\fasterxml\jackson\core\jackson-databind\2.9.5\jackson-databind-2.9.5.jar;D:\iuuuu\maven\repository\com\fasterxml\jackson\core\jackson-annotations\2.9.0\jackson-annotations-2.9.0.jar;D:\iuuuu\maven\repository\com\fasterxml\jackson\core\jackson-core\2.9.5\jackson-core-2.9.5.jar;D:\iuuuu\maven\repository\com\fasterxml\jackson\datatype\jackson-datatype-jdk8\2.9.5\jackson-datatype-jdk8-2.9.5.jar;D:\iuuuu\maven\repository\com\fasterxml\jackson\datatype\jackson-datatype-jsr310\2.9.5\jackson-datatype-jsr310-2.9.5.jar;D:\iuuuu\maven\repository\com\fasterxml\jackson\module\jackson-module-parameter-names\2.9.5\jackson-module-parameter-names-2.9.5.jar;D:\iuuuu\maven\repository\org\springframework\boot\spring-boot-starter-reactor-netty\2.0.1.RELEASE\spring-boot-starter-reactor-netty-2.0.1.RELEASE.jar;D:\iuuuu\maven\repository\io\projectreactor\ipc\reactor-netty\0.7.6.RELEASE\reactor-netty-0.7.6.RELEASE.jar;D:\iuuuu\maven\repository\io\netty\netty-codec-http\4.1.23.Final\netty-codec-http-4.1.23.Final.jar;D:\iuuuu\maven\repository\io\netty\netty-codec\4.1.23.Final\netty-codec-4.1.23.Final.jar;D:\iuuuu\maven\repository\io\netty\netty-handler\4.1.23.Final\netty-handler-4.1.23.Final.jar;D:\iuuuu\maven\repository\io\netty\netty-buffer\4.1.23.Final\netty-buffer-4.1.23.Final.jar;D:\iuuuu\maven\repository\io\netty\netty-transport\4.1.23.Final\netty-transport-4.1.23.Final.jar;D:\iuuuu\maven\repository\io\netty\netty-resolver\4.1.23.Final\netty-resolver-4.1.23.Final.jar;D:\iuuuu\maven\repository\io\netty\netty-handler-proxy\4.1.23.Final\netty-handler-proxy-4.1.23.Final.jar;D:\iuuuu\maven\repository\io\netty\netty-codec-socks\4.1.23.Final\netty-codec-socks-4.1.23.Final.jar;D:\iuuuu\maven\repository\io\netty\netty-transport-native-epoll\4.1.23.Final\netty-transport-native-epoll-4.1.23.Final.jar;D:\iuuuu\maven\repository\io\netty\netty-common\4.1.23.Final\netty-common-4.1.23.Final.jar;D:\iuuuu\maven\repository\io\netty\netty-transport-native-unix-common\4.1.23.Final\netty-transport-native-unix-common-4.1.23.Final.jar;D:\iuuuu\maven\repository\org\hibernate\validator\hibernate-validator\6.0.9.Final\hibernate-validator-6.0.9.Final.jar;D:\iuuuu\maven\repository\javax\validation\validation-api\2.0.1.Final\validation-api-2.0.1.Final.jar;D:\iuuuu\maven\repository\org\jboss\logging\jboss-logging\3.3.2.Final\jboss-logging-3.3.2.Final.jar;D:\iuuuu\maven\repository\com\fasterxml\classmate\1.3.4\classmate-1.3.4.jar;D:\iuuuu\maven\repository\org\springframework\spring-web\5.0.5.RELEASE\spring-web-5.0.5.RELEASE.jar;D:\iuuuu\maven\repository\org\springframework\spring-beans\5.0.5.RELEASE\spring-beans-5.0.5.RELEASE.jar;D:\iuuuu\maven\repository\org\springframework\spring-webflux\5.0.5.RELEASE\spring-webflux-5.0.5.RELEASE.jar;D:\iuuuu\maven\repository\io\projectreactor\reactor-core\3.1.6.RELEASE\reactor-core-3.1.6.RELEASE.jar;D:\iuuuu\maven\repository\org\reactivestreams\reactive-streams\1.0.2\reactive-streams-1.0.2.jar;D:\iuuuu\maven\repository\org\synchronoss\cloud\nio-multipart-parser\1.1.0\nio-multipart-parser-1.1.0.jar;D:\iuuuu\maven\repository\org\slf4j\slf4j-api\1.7.25\slf4j-api-1.7.25.jar;D:\iuuuu\maven\repository\org\synchronoss\cloud\nio-stream-storage\1.1.3\nio-stream-storage-1.1.3.jar;"/>
    <property name="java.vm.vendor" value="Oracle Corporation"/>
    <property name="sun.arch.data.model" value="64"/>
    <property name="user.variant" value=""/>
    <property name="java.vendor.url" value="http://java.oracle.com/"/>
    <property name="user.timezone" value=""/>
    <property name="java.vm.specification.version" value="1.8"/>
    <property name="os.name" value="Windows 10"/>
    <property name="user.country" value="CN"/>
    <property name="sun.java.launcher" value="SUN_STANDARD"/>
    <property name="sun.boot.library.path" value="D:\iuuuu\Java\jdk1.8-171\jre\bin"/>
    <property name="sun.java.command" value="C:\Users\IUUU\AppData\Local\Temp\surefire4427510651189201001\surefirebooter2412337989466093696.jar C:\Users\IUUU\AppData\Local\Temp\surefire4427510651189201001 2018-04-24T14-16-34_828-jvmRun1 surefire7986830342396674645tmp surefire_12126346369385660998tmp"/>
    <property name="surefire.test.class.path" value="D:\work\ideaproject\springboot-web\repository\target\test-classes;D:\work\ideaproject\springboot-web\repository\target\classes;D:\iuuuu\maven\repository\junit\junit\4.11\junit-4.11.jar;D:\iuuuu\maven\repository\org\hamcrest\hamcrest-core\1.3\hamcrest-core-1.3.jar;D:\work\ideaproject\springboot-web\model\target\model-0.0.1-SNAPSHOT.jar;D:\iuuuu\maven\repository\org\springframework\boot\spring-boot-starter\2.0.1.RELEASE\spring-boot-starter-2.0.1.RELEASE.jar;D:\iuuuu\maven\repository\org\springframework\boot\spring-boot\2.0.1.RELEASE\spring-boot-2.0.1.RELEASE.jar;D:\iuuuu\maven\repository\org\springframework\spring-context\5.0.5.RELEASE\spring-context-5.0.5.RELEASE.jar;D:\iuuuu\maven\repository\org\springframework\spring-aop\5.0.5.RELEASE\spring-aop-5.0.5.RELEASE.jar;D:\iuuuu\maven\repository\org\springframework\spring-expression\5.0.5.RELEASE\spring-expression-5.0.5.RELEASE.jar;D:\iuuuu\maven\repository\org\springframework\boot\spring-boot-autoconfigure\2.0.1.RELEASE\spring-boot-autoconfigure-2.0.1.RELEASE.jar;D:\iuuuu\maven\repository\org\springframework\boot\spring-boot-starter-logging\2.0.1.RELEASE\spring-boot-starter-logging-2.0.1.RELEASE.jar;D:\iuuuu\maven\repository\ch\qos\logback\logback-classic\1.2.3\logback-classic-1.2.3.jar;D:\iuuuu\maven\repository\ch\qos\logback\logback-core\1.2.3\logback-core-1.2.3.jar;D:\iuuuu\maven\repository\org\apache\logging\log4j\log4j-to-slf4j\2.10.0\log4j-to-slf4j-2.10.0.jar;D:\iuuuu\maven\repository\org\apache\logging\log4j\log4j-api\2.10.0\log4j-api-2.10.0.jar;D:\iuuuu\maven\repository\org\slf4j\jul-to-slf4j\1.7.25\jul-to-slf4j-1.7.25.jar;D:\iuuuu\maven\repository\javax\annotation\javax.annotation-api\1.3.2\javax.annotation-api-1.3.2.jar;D:\iuuuu\maven\repository\org\springframework\spring-core\5.0.5.RELEASE\spring-core-5.0.5.RELEASE.jar;D:\iuuuu\maven\repository\org\springframework\spring-jcl\5.0.5.RELEASE\spring-jcl-5.0.5.RELEASE.jar;D:\iuuuu\maven\repository\org\yaml\snakeyaml\1.19\snakeyaml-1.19.jar;D:\iuuuu\maven\repository\org\springframework\boot\spring-boot-starter-webflux\2.0.1.RELEASE\spring-boot-starter-webflux-2.0.1.RELEASE.jar;D:\iuuuu\maven\repository\org\springframework\boot\spring-boot-starter-json\2.0.1.RELEASE\spring-boot-starter-json-2.0.1.RELEASE.jar;D:\iuuuu\maven\repository\com\fasterxml\jackson\core\jackson-databind\2.9.5\jackson-databind-2.9.5.jar;D:\iuuuu\maven\repository\com\fasterxml\jackson\core\jackson-annotations\2.9.0\jackson-annotations-2.9.0.jar;D:\iuuuu\maven\repository\com\fasterxml\jackson\core\jackson-core\2.9.5\jackson-core-2.9.5.jar;D:\iuuuu\maven\repository\com\fasterxml\jackson\datatype\jackson-datatype-jdk8\2.9.5\jackson-datatype-jdk8-2.9.5.jar;D:\iuuuu\maven\repository\com\fasterxml\jackson\datatype\jackson-datatype-jsr310\2.9.5\jackson-datatype-jsr310-2.9.5.jar;D:\iuuuu\maven\repository\com\fasterxml\jackson\module\jackson-module-parameter-names\2.9.5\jackson-module-parameter-names-2.9.5.jar;D:\iuuuu\maven\repository\org\springframework\boot\spring-boot-starter-reactor-netty\2.0.1.RELEASE\spring-boot-starter-reactor-netty-2.0.1.RELEASE.jar;D:\iuuuu\maven\repository\io\projectreactor\ipc\reactor-netty\0.7.6.RELEASE\reactor-netty-0.7.6.RELEASE.jar;D:\iuuuu\maven\repository\io\netty\netty-codec-http\4.1.23.Final\netty-codec-http-4.1.23.Final.jar;D:\iuuuu\maven\repository\io\netty\netty-codec\4.1.23.Final\netty-codec-4.1.23.Final.jar;D:\iuuuu\maven\repository\io\netty\netty-handler\4.1.23.Final\netty-handler-4.1.23.Final.jar;D:\iuuuu\maven\repository\io\netty\netty-buffer\4.1.23.Final\netty-buffer-4.1.23.Final.jar;D:\iuuuu\maven\repository\io\netty\netty-transport\4.1.23.Final\netty-transport-4.1.23.Final.jar;D:\iuuuu\maven\repository\io\netty\netty-resolver\4.1.23.Final\netty-resolver-4.1.23.Final.jar;D:\iuuuu\maven\repository\io\netty\netty-handler-proxy\4.1.23.Final\netty-handler-proxy-4.1.23.Final.jar;D:\iuuuu\maven\repository\io\netty\netty-codec-socks\4.1.23.Final\netty-codec-socks-4.1.23.Final.jar;D:\iuuuu\maven\repository\io\netty\netty-transport-native-epoll\4.1.23.Final\netty-transport-native-epoll-4.1.23.Final.jar;D:\iuuuu\maven\repository\io\netty\netty-common\4.1.23.Final\netty-common-4.1.23.Final.jar;D:\iuuuu\maven\repository\io\netty\netty-transport-native-unix-common\4.1.23.Final\netty-transport-native-unix-common-4.1.23.Final.jar;D:\iuuuu\maven\repository\org\hibernate\validator\hibernate-validator\6.0.9.Final\hibernate-validator-6.0.9.Final.jar;D:\iuuuu\maven\repository\javax\validation\validation-api\2.0.1.Final\validation-api-2.0.1.Final.jar;D:\iuuuu\maven\repository\org\jboss\logging\jboss-logging\3.3.2.Final\jboss-logging-3.3.2.Final.jar;D:\iuuuu\maven\repository\com\fasterxml\classmate\1.3.4\classmate-1.3.4.jar;D:\iuuuu\maven\repository\org\springframework\spring-web\5.0.5.RELEASE\spring-web-5.0.5.RELEASE.jar;D:\iuuuu\maven\repository\org\springframework\spring-beans\5.0.5.RELEASE\spring-beans-5.0.5.RELEASE.jar;D:\iuuuu\maven\repository\org\springframework\spring-webflux\5.0.5.RELEASE\spring-webflux-5.0.5.RELEASE.jar;D:\iuuuu\maven\repository\io\projectreactor\reactor-core\3.1.6.RELEASE\reactor-core-3.1.6.RELEASE.jar;D:\iuuuu\maven\repository\org\reactivestreams\reactive-streams\1.0.2\reactive-streams-1.0.2.jar;D:\iuuuu\maven\repository\org\synchronoss\cloud\nio-multipart-parser\1.1.0\nio-multipart-parser-1.1.0.jar;D:\iuuuu\maven\repository\org\slf4j\slf4j-api\1.7.25\slf4j-api-1.7.25.jar;D:\iuuuu\maven\repository\org\synchronoss\cloud\nio-stream-storage\1.1.3\nio-stream-storage-1.1.3.jar;"/>
    <property name="sun.cpu.endian" value="little"/>
    <property name="user.home" value="C:\Users\IUUU"/>
    <property name="user.language" value="zh"/>
    <property name="java.specification.vendor" value="Oracle Corporation"/>
    <property name="java.home" value="D:\iuuuu\Java\jdk1.8-171\jre"/>
    <property name="basedir" value="D:\work\ideaproject\springboot-web\repository"/>
    <property name="file.separator" value="\"/>
    <property name="line.separator" value="&#10;"/>
    <property name="java.vm.specification.vendor" value="Oracle Corporation"/>
    <property name="java.specification.name" value="Java Platform API Specification"/>
    <property name="java.awt.graphicsenv" value="sun.awt.Win32GraphicsEnvironment"/>
    <property name="surefire.real.class.path" value="C:\Users\IUUU\AppData\Local\Temp\surefire4427510651189201001\surefirebooter2412337989466093696.jar"/>
    <property name="sun.boot.class.path" value="D:\iuuuu\Java\jdk1.8-171\jre\lib\resources.jar;D:\iuuuu\Java\jdk1.8-171\jre\lib\rt.jar;D:\iuuuu\Java\jdk1.8-171\jre\lib\sunrsasign.jar;D:\iuuuu\Java\jdk1.8-171\jre\lib\jsse.jar;D:\iuuuu\Java\jdk1.8-171\jre\lib\jce.jar;D:\iuuuu\Java\jdk1.8-171\jre\lib\charsets.jar;D:\iuuuu\Java\jdk1.8-171\jre\lib\jfr.jar;D:\iuuuu\Java\jdk1.8-171\jre\classes"/>
    <property name="user.script" value=""/>
    <property name="sun.management.compiler" value="HotSpot 64-Bit Tiered Compilers"/>
    <property name="java.runtime.version" value="1.8.0_171-b11"/>
    <property name="user.name" value="IUUU"/>
    <property name="path.separator" value=";"/>
    <property name="os.version" value="10.0"/>
    <property name="java.endorsed.dirs" value="D:\iuuuu\Java\jdk1.8-171\jre\lib\endorsed"/>
    <property name="java.runtime.name" value="Java(TM) SE Runtime Environment"/>
    <property name="file.encoding" value="GBK"/>
    <property name="java.vm.name" value="Java HotSpot(TM) 64-Bit Server VM"/>
    <property name="mavn.test.skip" value="true"/>
    <property name="localRepository" value="D:\iuuuu\maven\repository"/>
    <property name="java.vendor.url.bug" value="http://bugreport.sun.com/bugreport/"/>
    <property name="java.io.tmpdir" value="C:\Users\IUUU\AppData\Local\Temp\"/>
    <property name="java.version" value="1.8.0_171"/>
    <property name="user.dir" value="D:\work\ideaproject\springboot-web\repository"/>
    <property name="os.arch" value="amd64"/>
    <property name="java.vm.specification.name" value="Java Virtual Machine Specification"/>
    <property name="java.awt.printerjob" value="sun.awt.windows.WPrinterJob"/>
    <property name="sun.os.patch.level" value=""/>
    <property name="java.library.path" value="D:\iuuuu\Java\jdk1.8-171\jre\bin;C:\WINDOWS\Sun\Java\bin;C:\WINDOWS\system32;C:\WINDOWS;C:\Program Files (x86)\Common Files\Oracle\Java\javapath;D:\iuuuu\oracledatabase\product\11.2.0\dbhome_1\bin;D:\iuuuu\or\product\11.2.0\client_1\bin;D:\iuuuu\oracle;C:\Program Files (x86)\Intel\iCLS Client\;C:\Program Files\Intel\iCLS Client\;C:\WINDOWS\system32;C:\WINDOWS;C:\WINDOWS\System32\Wbem;C:\WINDOWS\System32\WindowsPowerShell\v1.0\;C:\Program Files (x86)\Intel\Intel(R) Management Engine Components\DAL;C:\Program Files\Intel\Intel(R) Management Engine Components\DAL;C:\Program Files (x86)\Intel\Intel(R) Management Engine Components\IPT;C:\Program Files\Intel\Intel(R) Management Engine Components\IPT;C:\Program Files (x86)\ATI Technologies\ATI.ACE\Core-Static;D:\iuuuu\Java\jdk1.8-171\bin;D:\iuuuu\maven\apache-maven-3.5.3-bin\apache-maven-3.5.3\bin;D:\ultra\ultraedit安装;C;\Program Files\Intel\WiFi\bin\;C:\Program Files\Common Files\Intel\WirelessCommon\;D:\iuuuu\gradle\gradle-4.6-bin\gradle-4.6\bin;D:\iuuuu\git\Git\cmd;D:\iuuuu\tortoiessvn\bin;C:\Users\IUUU\AppData\Local\Microsoft\WindowsApps;C:\Program Files\Intel\WiFi\bin\;C:\Program Files\Common Files\Intel\WirelessCommon\;D:\GW\MinGW\bin;&quot;D:\iuuuu\Java\jdk1.8-171\bin;D:\iuuuu\Java\jdk1.8-171\jre\bin&quot;;;."/>
    <property name="java.vm.info" value="mixed mode"/>
    <property name="java.vendor" value="Oracle Corporation"/>
    <property name="java.vm.version" value="25.171-b11"/>
    <property name="java.ext.dirs" value="D:\iuuuu\Java\jdk1.8-171\jre\lib\ext;C:\WINDOWS\Sun\Java\lib\ext"/>
    <property name="sun.io.unicode.encoding" value="UnicodeLittle"/>
    <property name="java.class.version" value="52.0"/>
  </properties>
  <testcase name="shouldAnswerWithTrue" classname="com.athena.px.AppTest" time="0.002"/>
</testsuite>